<?xml version="1.0" encoding="UTF-8"?>
<!-- Generated by org.testng.reporters.JUnitReportReporter -->
<testsuite skipped="0" hostname="Twins-PC" name="TestngPractices.Assertion" tests="1" failures="0" timestamp="06 Feb 2020 05:42:56 GMT" time="0.820" errors="0">
  <testcase name="testCase1" time="0.820" classname="TestngPractices.Assertion"/>
</testsuite> <!-- TestngPractices.Assertion -->
